====================================================================
[2025-08-11/12/25 14-08-00]: PURGE
The following modules were not unloaded:
  (Use "module --force purge" to unload all):

  1) apps/2021
[2025-08-11/12/25 14-08-01]: LOAD CONDA
[2025-08-11/12/25 14-08-02]: LOAD CUDA: CUDA/12.2.0 cuDNN/8.9.2.26-CUDA-12.2.0
[2025-08-11/12/25 14-08-03]: LOAD JAVA: Java/11.0.2
openjdk 11.0.2 2019-01-15
OpenJDK Runtime Environment 18.9 (build 11.0.2+9)
OpenJDK 64-Bit Server VM 18.9 (build 11.0.2+9, mixed mode)
Wed Nov 12 14:08:04 2025       
+---------------------------------------------------------------------------------------+
| NVIDIA-SMI 545.23.08              Driver Version: 545.23.08    CUDA Version: 12.3     |
|-----------------------------------------+----------------------+----------------------+
| GPU  Name                 Persistence-M | Bus-Id        Disp.A | Volatile Uncorr. ECC |
| Fan  Temp   Perf          Pwr:Usage/Cap |         Memory-Usage | GPU-Util  Compute M. |
|                                         |                      |               MIG M. |
|=========================================+======================+======================|
|   0  NVIDIA A100-PCIE-40GB          On  | 00000000:2F:00.0 Off |                    0 |
| N/A   24C    P0              30W / 250W |      4MiB / 40960MiB |      0%      Default |
|                                         |                      |             Disabled |
+-----------------------------------------+----------------------+----------------------+
                                                                                         
+---------------------------------------------------------------------------------------+
| Processes:                                                                            |
|  GPU   GI   CI        PID   Type   Process name                            GPU Memory |
|        ID   ID                                                             Usage      |
|=======================================================================================|
|  No running processes found                                                           |
+---------------------------------------------------------------------------------------+
[2025-08-11/12/25 14-08-05]: Python version:
Python 3.10.14
------------------------------------------------------------------------
[2025-11-12 14:08:19]: Starting experiments
------------------------------------------------------------------------
------------------------------------------------------------------------
[2025-11-12 14:08:19]: Processing scenario: scenario1/1B | Run: _
------------------------------------------------------------------------
No backup requested. Overwriting existing experiment directory.
------------------------------------------------------------------------
[2025-11-12 14:08:19]: Executing method
------------------------------------------------------------------------
------------------------------------------------------------------------
[2025-11-12 14:17:51]: Creating Knowledge Graph
------------------------------------------------------------------------
------------------------------------------------------------------------
[2025-11-12 14:17:52]: Starting evaluation
------------------------------------------------------------------------
------------------------------------------------------------------------
[2025-11-12 14:18:13]: Finished experiments
------------------------------------------------------------------------
